<?xml version="1.0" encoding="UTF-8" ?>
<testsuite failures="0" time="0.041" errors="0" skipped="12" tests="14" name="edu.arizona.kra.aft.RunCukesTest">
  <properties>
    <property name="java.runtime.name" value="Java(TM) SE Runtime Environment"/>
    <property name="sun.boot.library.path" value="/Library/Java/JavaVirtualMachines/jdk1.7.0_67.jdk/Contents/Home/jre/lib"/>
    <property name="java.vm.version" value="24.65-b04"/>
    <property name="gopherProxySet" value="false"/>
    <property name="java.vm.vendor" value="Oracle Corporation"/>
    <property name="java.vendor.url" value="http://java.oracle.com/"/>
    <property name="path.separator" value=":"/>
    <property name="guice.disable.misplaced.annotation.check" value="true"/>
    <property name="java.vm.name" value="Java HotSpot(TM) 64-Bit Server VM"/>
    <property name="file.encoding.pkg" value="sun.io"/>
    <property name="user.country" value="US"/>
    <property name="sun.java.launcher" value="SUN_STANDARD"/>
    <property name="sun.os.patch.level" value="unknown"/>
    <property name="java.vm.specification.name" value="Java Virtual Machine Specification"/>
    <property name="user.dir" value="/Users/shaloo/Documents/kc-5.2.1-eclipse-workspace/kc-test-automation"/>
    <property name="java.runtime.version" value="1.7.0_67-b01"/>
    <property name="java.awt.graphicsenv" value="sun.awt.CGraphicsEnvironment"/>
    <property name="java.endorsed.dirs" value="/Library/Java/JavaVirtualMachines/jdk1.7.0_67.jdk/Contents/Home/jre/lib/endorsed"/>
    <property name="os.arch" value="x86_64"/>
    <property name="java.io.tmpdir" value="/var/folders/44/b8sw07ds7rj_7l024gcsytn00000gn/T/"/>
    <property name="line.separator" value="
"/>
    <property name="java.vm.specification.vendor" value="Oracle Corporation"/>
    <property name="os.name" value="Mac OS X"/>
    <property name="classworlds.conf" value="/Users/shaloo/java/tools/mvn/latest/bin/m2.conf"/>
    <property name="sun.jnu.encoding" value="UTF-8"/>
    <property name="java.library.path" value="/Users/shaloo/Library/Java/Extensions:/Library/Java/Extensions:/Network/Library/Java/Extensions:/System/Library/Java/Extensions:/usr/lib/java:."/>
    <property name="java.specification.name" value="Java Platform API Specification"/>
    <property name="java.class.version" value="51.0"/>
    <property name="sun.management.compiler" value="HotSpot 64-Bit Tiered Compilers"/>
    <property name="os.version" value="10.10.1"/>
    <property name="http.nonProxyHosts" value="local|*.local|169.254/16|*.169.254/16"/>
    <property name="user.home" value="/Users/shaloo"/>
    <property name="user.timezone" value="America/Phoenix"/>
    <property name="java.awt.printerjob" value="sun.lwawt.macosx.CPrinterJob"/>
    <property name="java.specification.version" value="1.7"/>
    <property name="file.encoding" value="UTF-8"/>
    <property name="user.name" value="shaloo"/>
    <property name="java.class.path" value="/Users/shaloo/java/tools/mvn/latest/boot/plexus-classworlds-2.5.1.jar"/>
    <property name="org.slf4j.simpleLogger.defaultLogLevel" value="info"/>
    <property name="java.vm.specification.version" value="1.7"/>
    <property name="sun.arch.data.model" value="64"/>
    <property name="java.home" value="/Library/Java/JavaVirtualMachines/jdk1.7.0_67.jdk/Contents/Home/jre"/>
    <property name="sun.java.command" value="org.codehaus.plexus.classworlds.launcher.Launcher test"/>
    <property name="java.specification.vendor" value="Oracle Corporation"/>
    <property name="user.language" value="en"/>
    <property name="awt.toolkit" value="sun.lwawt.macosx.LWCToolkit"/>
    <property name="java.vm.info" value="mixed mode"/>
    <property name="java.version" value="1.7.0_67"/>
    <property name="java.ext.dirs" value="/Users/shaloo/Library/Java/Extensions:/Library/Java/JavaVirtualMachines/jdk1.7.0_67.jdk/Contents/Home/jre/lib/ext:/Library/Java/Extensions:/Network/Library/Java/Extensions:/System/Library/Java/Extensions:/usr/lib/java"/>
    <property name="sun.boot.class.path" value="/Library/Java/JavaVirtualMachines/jdk1.7.0_67.jdk/Contents/Home/jre/lib/resources.jar:/Library/Java/JavaVirtualMachines/jdk1.7.0_67.jdk/Contents/Home/jre/lib/rt.jar:/Library/Java/JavaVirtualMachines/jdk1.7.0_67.jdk/Contents/Home/jre/lib/sunrsasign.jar:/Library/Java/JavaVirtualMachines/jdk1.7.0_67.jdk/Contents/Home/jre/lib/jsse.jar:/Library/Java/JavaVirtualMachines/jdk1.7.0_67.jdk/Contents/Home/jre/lib/jce.jar:/Library/Java/JavaVirtualMachines/jdk1.7.0_67.jdk/Contents/Home/jre/lib/charsets.jar:/Library/Java/JavaVirtualMachines/jdk1.7.0_67.jdk/Contents/Home/jre/lib/jfr.jar:/Library/Java/JavaVirtualMachines/jdk1.7.0_67.jdk/Contents/Home/jre/classes"/>
    <property name="java.vendor" value="Oracle Corporation"/>
    <property name="maven.home" value="/Users/shaloo/java/tools/mvn/latest"/>
    <property name="file.separator" value="/"/>
    <property name="java.vendor.url.bug" value="http://bugreport.sun.com/bugreport/"/>
    <property name="sun.cpu.endian" value="little"/>
    <property name="sun.io.unicode.encoding" value="UnicodeBig"/>
    <property name="socksNonProxyHosts" value="local|*.local|169.254/16|*.169.254/16"/>
    <property name="ftp.nonProxyHosts" value="local|*.local|169.254/16|*.169.254/16"/>
    <property name="sun.cpu.isalist" value=""/>
  </properties>
  <testcase time="0.002" classname="Given I am logged in as an IRB Administrator   " name="Given I am logged in as an IRB Administrator   "/>
  <testcase time="0.003" classname="When I create an IRB Protocol    " name="When I create an IRB Protocol    ">
    <skipped/>
  </testcase>
  <testcase time="0.003" classname="And I add all of the required fields     " name="And I add all of the required fields     ">
    <skipped/>
  </testcase>
  <testcase time="0.004" classname="And I submit the protocol with an Expedited review type      " name="And I submit the protocol with an Expedited review type      ">
    <skipped/>
  </testcase>
  <testcase time="0.004" classname="Then a new protocol document should be created       " name="Then a new protocol document should be created       ">
    <skipped/>
  </testcase>
  <testcase time="0.005" classname="And the document status should be Submitted to IRB        " name="And the document status should be Submitted to IRB        ">
    <skipped/>
  </testcase>
  <testcase time="0.005" classname="And the submission status should be Submitted to Committee         " name="And the submission status should be Submitted to Committee         ">
    <skipped/>
  </testcase>
  <testcase time="0.006" classname="Scenario: Submit Expedited IRB Protocol with Valid Required Information  " name="Scenario: Submit Expedited IRB Protocol with Valid Required Information  ">
    <skipped/>
  </testcase>
  <testcase time="0" classname="Given I am logged in as an IRB Administrator           " name="Given I am logged in as an IRB Administrator           "/>
  <testcase time="0.001" classname="When I create an IRB Protocol            " name="When I create an IRB Protocol            ">
    <skipped/>
  </testcase>
  <testcase time="0.001" classname="And miss one of the required fields             " name="And miss one of the required fields             ">
    <skipped/>
  </testcase>
  <testcase time="0.002" classname="And I submit the protocol with an Expedited review type              " name="And I submit the protocol with an Expedited review type              ">
    <skipped/>
  </testcase>
  <testcase time="0.002" classname="Then an error should appear saying the field is required               " name="Then an error should appear saying the field is required               ">
    <skipped/>
  </testcase>
  <testcase time="0.003" classname="Scenario: Submit Expedited IRB Protocol Missing Required Information          " name="Scenario: Submit Expedited IRB Protocol Missing Required Information          ">
    <skipped/>
  </testcase>
</testsuite>